2021-07-13 20:06:37 [httpLog]{"method":"GET","url":"/","data":{},"startTime":"2021-07-13 20:06:37","endTime":"2021-07-13 20:06:37","timeLength":2}
2021-07-13 20:07:06 [httpLog]{"method":"GET","url":"/user","data":{},"startTime":"2021-07-13 20:07:06","endTime":"2021-07-13 20:07:06","timeLength":6}
2021-07-13 20:08:20 [httpLog]{"method":"GET","url":"/user","data":{},"startTime":"2021-07-13 20:08:20","endTime":"2021-07-13 20:08:20","timeLength":7}
2021-07-13 20:13:16 [httpLog]{"method":"GET","url":"/appliaction","data":{},"startTime":"2021-07-13 20:13:16","endTime":"2021-07-13 20:13:16","timeLength":1}
2021-07-13 20:13:22 [httpLog]{"method":"GET","url":"/application","data":{},"startTime":"2021-07-13 20:13:22","endTime":"2021-07-13 20:13:22","timeLength":1}
2021-07-13 20:14:09 [httpLog]{"method":"GET","url":"/application","data":{},"startTime":"2021-07-13 20:14:09","endTime":"2021-07-13 20:14:09","timeLength":5}
2021-07-13 20:14:10 [httpLog]{"method":"GET","url":"/application","data":{},"startTime":"2021-07-13 20:14:10","endTime":"2021-07-13 20:14:10","timeLength":2}
2021-07-13 20:14:29 [httpLog]{"method":"GET","url":"/application","data":{},"startTime":"2021-07-13 20:14:29","endTime":"2021-07-13 20:14:29","timeLength":4}
2021-07-13 20:14:36 [httpLog]{"method":"GET","url":"/application","data":{},"startTime":"2021-07-13 20:14:36","endTime":"2021-07-13 20:14:36","timeLength":2}
2021-07-13 20:14:49 [httpLog]{"method":"GET","url":"/application","data":{},"startTime":"2021-07-13 20:14:49","endTime":"2021-07-13 20:14:49","timeLength":4}
2021-07-13 20:16:24 [httpLog]{"method":"GET","url":"/application","data":{},"startTime":"2021-07-13 20:16:24","endTime":"2021-07-13 20:16:24","timeLength":5}
2021-07-13 20:19:47 [httpLog]{"method":"GET","url":"/newContext","data":{},"startTime":"2021-07-13 20:19:47","endTime":"2021-07-13 20:19:47","timeLength":3}
2021-07-13 20:20:17 [httpLog]{"method":"GET","url":"/newContext","data":{},"startTime":"2021-07-13 20:20:17","endTime":"2021-07-13 20:20:17","timeLength":2}
2021-07-13 20:20:17 [httpLog]{"method":"GET","url":"/newContext","data":{},"startTime":"2021-07-13 20:20:17","endTime":"2021-07-13 20:20:17","timeLength":1}
2021-07-13 20:20:17 [httpLog]{"method":"GET","url":"/newContext","data":{},"startTime":"2021-07-13 20:20:17","endTime":"2021-07-13 20:20:17","timeLength":1}
2021-07-13 20:20:17 [httpLog]{"method":"GET","url":"/newContext","data":{},"startTime":"2021-07-13 20:20:17","endTime":"2021-07-13 20:20:17","timeLength":0}
2021-07-13 20:20:17 [httpLog]{"method":"GET","url":"/newContext","data":{},"startTime":"2021-07-13 20:20:17","endTime":"2021-07-13 20:20:17","timeLength":0}
2021-07-13 20:20:17 [httpLog]{"method":"GET","url":"/newContext","data":{},"startTime":"2021-07-13 20:20:17","endTime":"2021-07-13 20:20:17","timeLength":0}
2021-07-13 20:20:17 [httpLog]{"method":"GET","url":"/newContext","data":{},"startTime":"2021-07-13 20:20:17","endTime":"2021-07-13 20:20:17","timeLength":0}
2021-07-13 20:21:26 [httpLog]{"method":"GET","url":"/application","data":{},"startTime":"2021-07-13 20:21:26","endTime":"2021-07-13 20:21:26","timeLength":6}
2021-07-13 20:21:32 [httpLog]{"method":"GET","url":"/newContext","data":{},"startTime":"2021-07-13 20:21:32","endTime":"2021-07-13 20:21:32","timeLength":2}
2021-07-13 20:21:38 [httpLog]{"method":"GET","url":"/newContext?id=1","data":{},"startTime":"2021-07-13 20:21:38","endTime":"2021-07-13 20:21:38","timeLength":2}
2021-07-13 20:22:38 [httpLog]{"method":"POST","url":"/newContext?id=1","data":{"id":12},"startTime":"2021-07-13 20:22:38","endTime":"2021-07-13 20:22:38","timeLength":0}
2021-07-13 20:22:48 [httpLog]{"method":"GET","url":"/newContext?id=1","data":{},"startTime":"2021-07-13 20:22:48","endTime":"2021-07-13 20:22:48","timeLength":1}
2021-07-13 20:23:22 [httpLog]{"method":"POST","url":"/newContext?id=1","data":{"id":12,"name":"user"},"startTime":"2021-07-13 20:23:22","endTime":"2021-07-13 20:23:22","timeLength":3}
2021-07-13 20:26:07 [httpLog]{"method":"POST","url":"/newRequest?id=1","data":{"id":12,"name":"user"},"startTime":"2021-07-13 20:26:07","endTime":"2021-07-13 20:26:07","timeLength":1}
2021-07-13 20:28:24 [httpLog]{"method":"GET","url":"/newRequest?id=1","data":{"id":12,"name":"user"},"startTime":"2021-07-13 20:28:24","endTime":"2021-07-13 20:28:24","timeLength":4}
2021-07-13 20:30:39 [httpLog]{"method":"GET","url":"/newResponse","data":{},"startTime":"2021-07-13 20:30:39","endTime":"2021-07-13 20:30:39","timeLength":3}
2021-07-13 20:30:47 [httpLog]{"method":"GET","url":"/newResponse","data":{},"startTime":"2021-07-13 20:30:47","endTime":"2021-07-13 20:30:47","timeLength":1}
2021-07-13 20:30:47 [httpLog]{"method":"GET","url":"/newResponse","data":{},"startTime":"2021-07-13 20:30:47","endTime":"2021-07-13 20:30:47","timeLength":0}
2021-07-13 20:30:49 [httpLog]{"method":"GET","url":"/newResponse","data":{},"startTime":"2021-07-13 20:30:49","endTime":"2021-07-13 20:30:49","timeLength":0}
2021-07-13 20:30:52 [httpLog]{"method":"GET","url":"/newResponse","data":{},"startTime":"2021-07-13 20:30:52","endTime":"2021-07-13 20:30:52","timeLength":0}
2021-07-13 20:31:45 [httpLog]{"method":"GET","url":"/newResponse","data":{},"startTime":"2021-07-13 20:31:45","endTime":"2021-07-13 20:31:45","timeLength":4}
2021-07-13 20:35:05 [httpLog]{"method":"GET","url":"/newResponse","data":{},"startTime":"2021-07-13 20:35:05","endTime":"2021-07-13 20:35:05","timeLength":4}
2021-07-13 20:35:05 [httpLog]{"method":"GET","url":"/newResponse","data":{},"startTime":"2021-07-13 20:35:05","endTime":"2021-07-13 20:35:05","timeLength":2}
2021-07-13 20:35:06 [httpLog]{"method":"GET","url":"/newResponse","data":{},"startTime":"2021-07-13 20:35:05","endTime":"2021-07-13 20:35:05","timeLength":2}
2021-07-13 20:36:24 [httpLog]{"method":"GET","url":"/newResponse","data":{},"startTime":"2021-07-13 20:36:24","endTime":"2021-07-13 20:36:24","timeLength":21}
2021-07-13 20:36:52 [httpLog]{"method":"GET","url":"/newResponse","data":{},"startTime":"2021-07-13 20:36:52","endTime":"2021-07-13 20:36:52","timeLength":16}
2021-07-13 20:37:36 [httpLog]{"method":"GET","url":"/newResponse","data":{},"startTime":"2021-07-13 20:37:36","endTime":"2021-07-13 20:37:36","timeLength":18}
2021-07-14 20:16:37 [httpLog]{"method":"GET","url":"/","data":{},"startTime":"2021-07-14 20:16:37","endTime":"2021-07-14 20:16:37","timeLength":3}
2021-07-14 20:19:48 [httpLog]{"method":"GET","url":"/","data":{},"startTime":"2021-07-14 20:19:48","endTime":"2021-07-14 20:19:48","timeLength":3}
2021-07-14 20:19:49 [httpLog]{"method":"GET","url":"/","data":{},"startTime":"2021-07-14 20:19:49","endTime":"2021-07-14 20:19:49","timeLength":1}
2021-07-14 20:19:49 [httpLog]{"method":"GET","url":"/","data":{},"startTime":"2021-07-14 20:19:49","endTime":"2021-07-14 20:19:49","timeLength":0}
2021-07-14 20:19:55 [httpLog]{"method":"GET","url":"/lists","data":{},"startTime":"2021-07-14 20:19:55","endTime":"2021-07-14 20:19:55","timeLength":0}
2021-07-14 20:20:03 [httpLog]{"method":"GET","url":"/user","data":{},"startTime":"2021-07-14 20:20:03","endTime":"2021-07-14 20:20:03","timeLength":6}
2021-07-14 20:20:08 [httpLog]{"method":"GET","url":"/user/lists","data":{},"startTime":"2021-07-14 20:20:08","endTime":"2021-07-14 20:20:08","timeLength":5}
2021-07-14 20:22:13 [httpLog]{"method":"GET","url":"/user/detail2","data":{},"startTime":"2021-07-14 20:22:13","endTime":"2021-07-14 20:22:13","timeLength":1}
2021-07-14 20:22:16 [httpLog]{"method":"GET","url":"/user/detail2/1","data":{},"startTime":"2021-07-14 20:22:16","endTime":"2021-07-14 20:22:16","timeLength":1}
2021-07-14 20:22:32 [httpLog]{"method":"GET","url":"/user/detail/1","data":{},"startTime":"2021-07-14 20:22:32","endTime":"2021-07-14 20:22:32","timeLength":3}
2021-07-14 20:22:37 [httpLog]{"method":"GET","url":"/user/detail/2","data":{},"startTime":"2021-07-14 20:22:37","endTime":"2021-07-14 20:22:37","timeLength":2}
2021-07-14 20:22:40 [httpLog]{"method":"GET","url":"/user/detail/1123123","data":{},"startTime":"2021-07-14 20:22:40","endTime":"2021-07-14 20:22:40","timeLength":2}
2021-07-14 20:25:28 [httpLog]{"method":"POST","url":"/user/add","data":{"name":"lck","pwd":"1234565"},"startTime":"2021-07-14 20:25:28","endTime":"2021-07-14 20:25:28","timeLength":9}
2021-07-14 20:25:55 [httpLog]{"method":"GET","url":"/user/lists","data":{},"startTime":"2021-07-14 20:25:55","endTime":"2021-07-14 20:25:55","timeLength":3}
2021-07-14 20:28:33 [httpLog]{"method":"PUT","url":"/user/edit","data":{"id":4,"name":"john","pwd":"098766"},"startTime":"2021-07-14 20:28:33","endTime":"2021-07-14 20:28:33","timeLength":5}
2021-07-14 20:28:40 [httpLog]{"method":"GET","url":"/user/lists","data":{},"startTime":"2021-07-14 20:28:40","endTime":"2021-07-14 20:28:40","timeLength":2}
2021-07-14 20:28:41 [httpLog]{"method":"GET","url":"/user/lists","data":{},"startTime":"2021-07-14 20:28:41","endTime":"2021-07-14 20:28:41","timeLength":1}
2021-07-14 20:28:42 [httpLog]{"method":"GET","url":"/user/lists","data":{},"startTime":"2021-07-14 20:28:42","endTime":"2021-07-14 20:28:42","timeLength":0}
2021-07-14 20:28:46 [httpLog]{"method":"PUT","url":"/user/edit","data":{"id":3,"name":"john","pwd":"098766"},"startTime":"2021-07-14 20:28:46","endTime":"2021-07-14 20:28:46","timeLength":4}
2021-07-14 20:28:46 [httpLog]{"method":"GET","url":"/user/lists","data":{},"startTime":"2021-07-14 20:28:46","endTime":"2021-07-14 20:28:46","timeLength":1}
2021-07-14 20:30:47 [httpLog]{"method":"DELETE","url":"/user/del","data":{"id":3},"startTime":"2021-07-14 20:30:47","endTime":"2021-07-14 20:30:47","timeLength":10}
2021-07-14 20:30:49 [httpLog]{"method":"GET","url":"/user/lists","data":{},"startTime":"2021-07-14 20:30:49","endTime":"2021-07-14 20:30:49","timeLength":3}
2021-07-14 20:30:50 [httpLog]{"method":"GET","url":"/user/lists","data":{},"startTime":"2021-07-14 20:30:50","endTime":"2021-07-14 20:30:50","timeLength":2}
2021-07-14 20:30:51 [httpLog]{"method":"GET","url":"/user/lists","data":{},"startTime":"2021-07-14 20:30:51","endTime":"2021-07-14 20:30:51","timeLength":1}
2021-07-14 20:31:14 [httpLog]{"method":"POST","url":"/user/add","data":{"name":"lck","pwd":"1234565"},"startTime":"2021-07-14 20:31:14","endTime":"2021-07-14 20:31:14","timeLength":6}
2021-07-14 20:31:15 [httpLog]{"method":"GET","url":"/user/lists","data":{},"startTime":"2021-07-14 20:31:15","endTime":"2021-07-14 20:31:15","timeLength":1}
2021-07-14 20:31:19 [httpLog]{"method":"DELETE","url":"/user/del","data":{"id":3},"startTime":"2021-07-14 20:31:19","endTime":"2021-07-14 20:31:19","timeLength":7}
2021-07-14 20:31:19 [httpLog]{"method":"GET","url":"/user/lists","data":{},"startTime":"2021-07-14 20:31:19","endTime":"2021-07-14 20:31:19","timeLength":0}
2021-07-14 20:31:57 [httpLog]{"method":"DELETE","url":"/user/del","data":{"id":3},"startTime":"2021-07-14 20:31:57","endTime":"2021-07-14 20:31:57","timeLength":2}
2021-07-14 20:32:02 [httpLog]{"method":"GET","url":"/user/lists","data":{},"startTime":"2021-07-14 20:32:02","endTime":"2021-07-14 20:32:02","timeLength":3}
2021-07-14 20:32:02 [httpLog]{"method":"GET","url":"/user/lists","data":{},"startTime":"2021-07-14 20:32:02","endTime":"2021-07-14 20:32:02","timeLength":1}
2021-07-14 20:32:02 [httpLog]{"method":"GET","url":"/user/lists","data":{},"startTime":"2021-07-14 20:32:02","endTime":"2021-07-14 20:32:02","timeLength":1}
2021-07-14 20:32:03 [httpLog]{"method":"GET","url":"/user/lists","data":{},"startTime":"2021-07-14 20:32:03","endTime":"2021-07-14 20:32:03","timeLength":1}
2021-07-14 20:32:03 [httpLog]{"method":"GET","url":"/user/lists","data":{},"startTime":"2021-07-14 20:32:03","endTime":"2021-07-14 20:32:03","timeLength":1}
2021-07-14 20:32:03 [httpLog]{"method":"GET","url":"/user/lists","data":{},"startTime":"2021-07-14 20:32:03","endTime":"2021-07-14 20:32:03","timeLength":1}
2021-07-14 20:32:03 [httpLog]{"method":"GET","url":"/user/lists","data":{},"startTime":"2021-07-14 20:32:03","endTime":"2021-07-14 20:32:03","timeLength":1}
2021-07-14 20:32:24 [httpLog]{"method":"POST","url":"/user/add","data":{"name":"lck","pwd":"1234565"},"startTime":"2021-07-14 20:32:24","endTime":"2021-07-14 20:32:24","timeLength":9}
2021-07-14 20:32:25 [httpLog]{"method":"POST","url":"/user/add","data":{"name":"lck","pwd":"1234565"},"startTime":"2021-07-14 20:32:25","endTime":"2021-07-14 20:32:25","timeLength":8}
2021-07-14 20:32:26 [httpLog]{"method":"POST","url":"/user/add","data":{"name":"lck","pwd":"1234565"},"startTime":"2021-07-14 20:32:26","endTime":"2021-07-14 20:32:26","timeLength":5}
2021-07-14 20:32:27 [httpLog]{"method":"POST","url":"/user/add","data":{"name":"lck","pwd":"1234565"},"startTime":"2021-07-14 20:32:27","endTime":"2021-07-14 20:32:27","timeLength":5}
2021-07-14 20:32:27 [httpLog]{"method":"GET","url":"/user/lists","data":{},"startTime":"2021-07-14 20:32:27","endTime":"2021-07-14 20:32:27","timeLength":1}
2021-07-14 20:32:39 [httpLog]{"method":"DELETE","url":"/user/del","data":{"id":7},"startTime":"2021-07-14 20:32:39","endTime":"2021-07-14 20:32:39","timeLength":4}
2021-07-14 20:32:40 [httpLog]{"method":"GET","url":"/user/lists","data":{},"startTime":"2021-07-14 20:32:40","endTime":"2021-07-14 20:32:40","timeLength":1}
2021-07-21 10:08:08 [httpLog]{"method":"POST","url":"/pui/user/register","data":{"username":"test1","password":"123456"},"startTime":"2021-07-21 10:08:08","endTime":"2021-07-21 10:08:08","timeLength":6}
2021-07-21 10:08:30 [httpLog]{"method":"POST","url":"/api/user/register","data":{"username":"test1","password":"123456"},"startTime":"2021-07-21 10:08:27","endTime":"2021-07-21 10:08:30","timeLength":3493}
2021-07-21 10:18:59 [httpLog]{"method":"POST","url":"/api/user/register","data":{"username":"test1","password":"123456"},"startTime":"2021-07-21 10:18:59","endTime":"2021-07-21 10:18:59","timeLength":78}
2021-07-21 10:19:42 [httpLog]{"method":"POST","url":"/api/user/register","data":{"username":"test1","password":"123456"},"startTime":"2021-07-21 10:19:42","endTime":"2021-07-21 10:19:42","timeLength":66}
2021-07-21 10:21:38 [httpLog]{"method":"POST","url":"/api/user/register","data":{"username":"test1","password":"123456"},"startTime":"2021-07-21 10:21:38","endTime":"2021-07-21 10:21:38","timeLength":39}
2021-07-21 10:24:33 [httpLog]{"method":"POST","url":"/api/user/register","data":{"username":"test1","password":"123456"},"startTime":"2021-07-21 10:24:33","endTime":"2021-07-21 10:24:33","timeLength":34}
2021-07-21 10:26:38 [httpLog]{"method":"POST","url":"/api/user/register","data":{"username":"test1","password":"123456"},"startTime":"2021-07-21 10:26:38","endTime":"2021-07-21 10:26:38","timeLength":227}
2021-07-21 10:26:58 [httpLog]{"method":"POST","url":"/api/user/register","data":{"username":"test1","password":"123456"},"startTime":"2021-07-21 10:26:58","endTime":"2021-07-21 10:26:58","timeLength":5}
2021-07-21 11:08:26 [httpLog]{"method":"POST","url":"/api/user/register","data":{"username":"lck","password":"123456"},"startTime":"2021-07-21 11:08:26","endTime":"2021-07-21 11:08:26","timeLength":136}
2021-07-21 11:10:31 [httpLog]{"method":"POST","url":"/api/user/register","data":{"username":"lck1","password":"123456"},"startTime":"2021-07-21 11:10:31","endTime":"2021-07-21 11:10:31","timeLength":23}
2021-07-21 11:11:54 [httpLog]{"method":"POST","url":"/api/user/register","data":{"username":"lck8","password":"123456"},"startTime":"2021-07-21 11:11:54","endTime":"2021-07-21 11:11:54","timeLength":85}
2021-07-21 11:18:50 [httpLog]{"method":"POST","url":"/api/user/login","data":{"username":"lck8","password":"123456"},"startTime":"2021-07-21 11:18:50","endTime":"2021-07-21 11:18:50","timeLength":6}
2021-07-21 11:18:59 [httpLog]{"method":"POST","url":"/api/user/login","data":{"username":"lck","password":"123456"},"startTime":"2021-07-21 11:18:59","endTime":"2021-07-21 11:18:59","timeLength":2}
2021-07-21 11:20:11 [httpLog]{"method":"POST","url":"/api/user/login","data":{"username":"lck","password":"123456"},"startTime":"2021-07-21 11:20:11","endTime":"2021-07-21 11:20:11","timeLength":22}
2021-07-21 11:20:50 [httpLog]{"method":"POST","url":"/api/user/login","data":{"username":"lcka","password":"123456"},"startTime":"2021-07-21 11:20:50","endTime":"2021-07-21 11:20:50","timeLength":20}
2021-07-21 11:22:18 [httpLog]{"method":"POST","url":"/api/user/login","data":{"username":"lck","password":"123456"},"startTime":"2021-07-21 11:22:18","endTime":"2021-07-21 11:22:18","timeLength":27}
2021-07-21 13:41:48 [httpLog]{"method":"POST","url":"/api/user/login","data":{"username":"lck","password":"123456"},"startTime":"2021-07-21 13:41:48","endTime":"2021-07-21 13:41:48","timeLength":129}
2021-07-21 15:50:15 [httpLog]{"method":"POST","url":"/api/user/login","data":{"username":"lck","password":"123456"},"startTime":"2021-07-21 15:50:15","endTime":"2021-07-21 15:50:15","timeLength":23}
2021-07-21 15:52:10 [httpLog]{"method":"POST","url":"/api/user/login","data":{"username":"lck","password":"123456"},"startTime":"2021-07-21 15:52:10","endTime":"2021-07-21 15:52:10","timeLength":8}
2021-07-21 16:04:01 [httpLog]{"method":"POST","url":"/api/user/login","data":{"username":"lck","password":"123456"},"startTime":"2021-07-21 16:04:01","endTime":"2021-07-21 16:04:01","timeLength":19}
2021-07-21 16:04:38 [httpLog]{"method":"POST","url":"/api/user/login","data":{"username":"lck","password":"123456"},"startTime":"2021-07-21 16:04:38","endTime":"2021-07-21 16:04:38","timeLength":15}
2021-07-21 16:06:45 [httpLog]{"method":"POST","url":"/api/user/login","data":{"username":"lck","password":"123456"},"startTime":"2021-07-21 16:06:45","endTime":"2021-07-21 16:06:45","timeLength":17}
2021-07-21 16:06:53 [httpLog]{"method":"POST","url":"/api/user/login","data":{"username":"lck","password":"123456"},"startTime":"2021-07-21 16:06:53","endTime":"2021-07-21 16:06:53","timeLength":4}
2021-07-21 16:06:55 [httpLog]{"method":"POST","url":"/api/user/login","data":{"username":"lck","password":"123456"},"startTime":"2021-07-21 16:06:55","endTime":"2021-07-21 16:06:55","timeLength":17}
2021-07-21 16:07:03 [httpLog]{"method":"POST","url":"/api/user/register","data":{"username":"lck10086","password":"123456"},"startTime":"2021-07-21 16:07:03","endTime":"2021-07-21 16:07:03","timeLength":3}
2021-07-22 09:39:16 [httpLog]{"method":"POST","url":"/api/user/login","data":{"username":"lck","password":"123456"},"startTime":"2021-07-22 09:39:16","endTime":"2021-07-22 09:39:16","timeLength":584}
2021-07-22 09:40:45 [httpLog]{"method":"POST","url":"/api/user/login","data":{"username":"lck","password":"123456"},"startTime":"2021-07-22 09:40:45","endTime":"2021-07-22 09:40:45","timeLength":8}
2021-07-22 09:42:02 [httpLog]{"method":"POST","url":"/api/user/login","data":{"username":"admin","password":"123456"},"startTime":"2021-07-22 09:42:02","endTime":"2021-07-22 09:42:02","timeLength":129}
2021-07-22 09:42:09 [httpLog]{"method":"POST","url":"/api/user/login","data":{"username":"lck","password":"123456"},"startTime":"2021-07-22 09:42:09","endTime":"2021-07-22 09:42:09","timeLength":3}
2021-07-22 09:43:05 [httpLog]{"method":"POST","url":"/api/user/register","data":{"username":"lck","password":"123456","password2":"123456"},"startTime":"2021-07-22 09:43:05","endTime":"2021-07-22 09:43:05","timeLength":26}
2021-07-22 09:43:15 [httpLog]{"method":"POST","url":"/api/user/register","data":{"username":"lck999","password":"123456","password2":"123456"},"startTime":"2021-07-22 09:43:14","endTime":"2021-07-22 09:43:15","timeLength":513}
2021-07-22 09:58:59 [httpLog]{"method":"POST","url":"/api/user/detail","data":{"id":10},"startTime":"2021-07-22 09:58:59","endTime":"2021-07-22 09:58:59","timeLength":26}
2021-07-22 10:00:50 [httpLog]{"method":"POST","url":"/api/user/detail","data":{"id":10},"startTime":"2021-07-22 10:00:50","endTime":"2021-07-22 10:00:50","timeLength":8}
2021-07-22 10:00:51 [httpLog]{"method":"POST","url":"/api/user/detail","data":{"id":10},"startTime":"2021-07-22 10:00:51","endTime":"2021-07-22 10:00:51","timeLength":38}
2021-07-22 10:03:39 [httpLog]{"method":"POST","url":"/api/user/detail","data":{"id":10},"startTime":"2021-07-22 10:03:39","endTime":"2021-07-22 10:03:39","timeLength":7}
2021-07-22 10:07:11 [httpLog]{"method":"POST","url":"/api/user/detail","data":{"id":10},"startTime":"2021-07-22 10:07:11","endTime":"2021-07-22 10:07:11","timeLength":8}
2021-07-22 10:07:12 [httpLog]{"method":"POST","url":"/api/user/detail","data":{"id":10},"startTime":"2021-07-22 10:07:12","endTime":"2021-07-22 10:07:12","timeLength":2}
2021-07-22 10:09:38 [httpLog]{"method":"POST","url":"/api/user/detail","data":{"id":10},"startTime":"2021-07-22 10:09:38","endTime":"2021-07-22 10:09:38","timeLength":33}
2021-07-22 10:09:38 [httpLog]{"method":"POST","url":"/api/user/detail","data":{"id":10},"startTime":"2021-07-22 10:09:38","endTime":"2021-07-22 10:09:38","timeLength":7}
2021-07-22 10:09:39 [httpLog]{"method":"POST","url":"/api/user/detail","data":{"id":10},"startTime":"2021-07-22 10:09:39","endTime":"2021-07-22 10:09:39","timeLength":3}
2021-07-22 10:09:40 [httpLog]{"method":"POST","url":"/apiuser/logout","data":{},"startTime":"2021-07-22 10:09:40","endTime":"2021-07-22 10:09:40","timeLength":1}
2021-07-22 10:09:50 [httpLog]{"method":"POST","url":"/api/user/detail","data":{"id":10},"startTime":"2021-07-22 10:09:50","endTime":"2021-07-22 10:09:50","timeLength":10}
2021-07-22 10:09:51 [httpLog]{"method":"POST","url":"/api/user/detail","data":{"id":10},"startTime":"2021-07-22 10:09:51","endTime":"2021-07-22 10:09:51","timeLength":3}
2021-07-22 10:09:52 [httpLog]{"method":"POST","url":"/api/user/detail","data":{"id":10},"startTime":"2021-07-22 10:09:52","endTime":"2021-07-22 10:09:52","timeLength":4}
2021-07-22 10:09:52 [httpLog]{"method":"POST","url":"/api/user/logout","data":{},"startTime":"2021-07-22 10:09:52","endTime":"2021-07-22 10:09:52","timeLength":1}
2021-07-22 10:10:15 [httpLog]{"method":"POST","url":"/api/user/detail","data":{"id":10},"startTime":"2021-07-22 10:10:15","endTime":"2021-07-22 10:10:15","timeLength":9}
2021-07-22 10:10:22 [httpLog]{"method":"POST","url":"/api/user/login","data":{"username":"lck","password":"123456"},"startTime":"2021-07-22 10:10:22","endTime":"2021-07-22 10:10:22","timeLength":62}
2021-07-22 10:10:22 [httpLog]{"method":"POST","url":"/api/user/detail","data":{"id":10},"startTime":"2021-07-22 10:10:22","endTime":"2021-07-22 10:10:22","timeLength":3}
2021-07-22 10:10:29 [httpLog]{"method":"POST","url":"/api/user/detail","data":{"id":10},"startTime":"2021-07-22 10:10:29","endTime":"2021-07-22 10:10:29","timeLength":4}
2021-07-22 10:11:06 [httpLog]{"method":"POST","url":"/api/user/detail","data":{"id":10},"startTime":"2021-07-22 10:11:05","endTime":"2021-07-22 10:11:06","timeLength":215}
2021-07-22 10:11:09 [httpLog]{"method":"POST","url":"/api/user/detail","data":{"id":10},"startTime":"2021-07-22 10:11:09","endTime":"2021-07-22 10:11:09","timeLength":2}
2021-07-22 10:11:09 [httpLog]{"method":"POST","url":"/api/user/logout","data":{},"startTime":"2021-07-22 10:11:09","endTime":"2021-07-22 10:11:09","timeLength":1}
2021-07-22 10:13:30 [httpLog]{"method":"POST","url":"/api/commons/citys","data":{},"startTime":"2021-07-22 10:13:30","endTime":"2021-07-22 10:13:30","timeLength":1}
2021-07-22 10:13:30 [httpLog]{"method":"POST","url":"/api/house/hot","data":{},"startTime":"2021-07-22 10:13:30","endTime":"2021-07-22 10:13:30","timeLength":1}
2021-07-22 10:13:53 [httpLog]{"method":"POST","url":"/api/user/login","data":{"username":"lck","password":"123456"},"startTime":"2021-07-22 10:13:53","endTime":"2021-07-22 10:13:53","timeLength":16}
2021-07-22 10:13:53 [httpLog]{"method":"POST","url":"/api/user/detail","data":{"id":10},"startTime":"2021-07-22 10:13:53","endTime":"2021-07-22 10:13:53","timeLength":13}
2021-07-22 10:13:59 [httpLog]{"method":"POST","url":"/api/order/lists","data":{"pageSize":8,"pageNum":1,"type":0},"startTime":"2021-07-22 10:13:59","endTime":"2021-07-22 10:13:59","timeLength":1}
2021-07-22 10:14:01 [httpLog]{"method":"POST","url":"/api/user/detail","data":{"id":10},"startTime":"2021-07-22 10:14:01","endTime":"2021-07-22 10:14:01","timeLength":3}
2021-07-22 10:14:04 [httpLog]{"method":"POST","url":"/api/user/detail","data":{"id":10},"startTime":"2021-07-22 10:14:04","endTime":"2021-07-22 10:14:04","timeLength":4}
2021-07-22 10:14:06 [httpLog]{"method":"POST","url":"/api/user/detail","data":{"id":10},"startTime":"2021-07-22 10:14:06","endTime":"2021-07-22 10:14:06","timeLength":2}
2021-07-22 10:14:09 [httpLog]{"method":"POST","url":"/api/user/logout","data":{},"startTime":"2021-07-22 10:14:09","endTime":"2021-07-22 10:14:09","timeLength":0}
2021-07-22 10:14:12 [httpLog]{"method":"POST","url":"/api/user/detail","data":{"id":10},"startTime":"2021-07-22 10:14:12","endTime":"2021-07-22 10:14:12","timeLength":5}
2021-07-22 10:21:47 [httpLog]{"method":"POST","url":"/api/user/login","data":{"username":"lck","password":"123456"},"startTime":"2021-07-22 10:21:47","endTime":"2021-07-22 10:21:47","timeLength":29}
2021-07-22 10:21:48 [httpLog]{"method":"POST","url":"/api/user/detail","data":{"id":10},"startTime":"2021-07-22 10:21:48","endTime":"2021-07-22 10:21:48","timeLength":4}
2021-07-22 10:23:47 [httpLog]{"method":"POST","url":"/api/user/login","data":{"username":"lck","password":"123456"},"startTime":"2021-07-22 10:23:47","endTime":"2021-07-22 10:23:47","timeLength":6}
2021-07-22 10:23:47 [httpLog]{"method":"POST","url":"/api/user/detail","data":{"id":10},"startTime":"2021-07-22 10:23:47","endTime":"2021-07-22 10:23:47","timeLength":4}
